2022-06-13 10:43:30:4330 [31merror[39m: [31mtokenService is not defined[39m
2022-06-13 10:45:17:4517 [31merror[39m: [31mEmail already taken[39m
2022-06-13 10:46:50:4650 [31merror[39m: [31mjwt is not defined[39m
2022-06-13 10:48:07:487 [31merror[39m: [31mEmail already taken[39m
2022-06-13 10:48:16:4816 [31merror[39m: [31mToken is not defined[39m
2022-06-13 11:09:33:933 [31merror[39m: [31muser.isPasswordMatch is not a function[39m
2022-06-13 11:10:36:1036 [31merror[39m: [31mbcrypt is not defined[39m
2022-06-13 11:11:03:113 [31merror[39m: [31mIncorrect email or password[39m
2022-06-13 11:11:50:1150 [31merror[39m: [31mEmail already taken[39m
2022-06-13 11:11:58:1158 [31merror[39m: [31mIncorrect email or password[39m
2022-06-13 11:12:02:122 [31merror[39m: [31mEmail already taken[39m
2022-06-13 11:13:01:131 [31merror[39m: [31mIncorrect email or password[39m
2022-06-13 11:13:15:1315 [31merror[39m: [31mIncorrect email or password[39m
2022-06-13 11:14:09:149 [31merror[39m: [31mIncorrect email or password[39m
2022-06-13 11:14:30:1430 [31merror[39m: [31mIncorrect email or password[39m
2022-06-13 11:16:10:1610 [31merror[39m: [31mIncorrect email or password[39m
2022-06-13 11:16:29:1629 [31merror[39m: [31mIncorrect email or password[39m
2022-06-13 11:29:24:2924 [31merror[39m: [31mToken is not defined[39m
2022-06-13 11:33:41:3341 [31merror[39m: [31mtokenTypes is not defined[39m
2022-06-14 09:44:28:4428 [31merror[39m: [31mEmail already taken[39m
2022-06-14 09:45:09:459 [31merror[39m: [31mEmail already taken[39m
2022-06-14 09:48:08:488 [31merror[39m: [31mEmail already taken[39m
2022-06-14 09:50:29:5029 [31merror[39m: [31mEmail already taken[39m
2022-06-14 09:52:34:5234 [31merror[39m: [31mpassword must contain at least 1 letter and 1 number[39m
2022-06-14 09:55:00:550 [31merror[39m: [31mpassword must contain at least 1 letter and 1 number[39m
2022-06-14 09:55:44:5544 [31merror[39m: [31mEmail already taken[39m
2022-06-14 09:55:50:5550 [31merror[39m: [31mEmail already taken[39m
2022-06-14 09:56:16:5616 [31merror[39m: [31mEmail already taken[39m
2022-06-14 10:00:32:032 [31merror[39m: [31mEmail already taken[39m
2022-06-14 10:01:28:128 [31merror[39m: [31mEmail already taken[39m
2022-06-14 10:02:17:217 [31merror[39m: [31mEmail already taken[39m
2022-06-14 10:03:10:310 [31merror[39m: [31mEmail already taken[39m
2022-06-14 10:03:58:358 [31merror[39m: [31mEmail already taken[39m
2022-06-14 10:10:11:1011 [31merror[39m: [31mEmail already taken[39m
2022-06-14 10:10:16:1016 [31merror[39m: [31mEmail already taken[39m
2022-06-14 10:17:07:177 [31merror[39m: [31mEmail already taken[39m
2022-06-14 10:17:45:1745 [31merror[39m: [31mEmail already taken[39m
2022-06-14 10:18:36:1836 [31merror[39m: [31mEmail already taken[39m
2022-06-14 10:18:52:1852 [31merror[39m: [31mEmail already taken[39m
2022-06-14 10:18:57:1857 [31merror[39m: [31mEmail already taken[39m
2022-06-14 10:19:25:1925 [31merror[39m: [31mEmail already taken[39m
2022-06-14 11:22:24:2224 [31merror[39m: [31mEmail already taken[39m
2022-06-14 11:24:41:2441 [31merror[39m: [31mEmail already taken[39m
2022-06-14 11:25:12:2512 [31merror[39m: [31mEmail already taken[39m
2022-06-14 11:28:53:2853 [31merror[39m: [31mEmail already taken[39m
2022-06-14 11:36:18:3618 [31merror[39m: [31mEmail already taken[39m
2022-06-14 13:59:53:5953 [31merror[39m: [31mEmail already taken[39m
2022-06-14 14:00:25:025 [31merror[39m: [31mEmail already taken[39m
2022-06-14 14:00:44:044 [31merror[39m: [31mEmail already taken[39m
2022-06-14 14:16:07:167 [31merror[39m: [31m"email" is required, "username" is not allowed[39m
2022-06-14 14:17:54:1754 [31merror[39m: [31m"email" is required, "username" is not allowed[39m
2022-06-14 15:05:27:527 [31merror[39m: [31mIncorrect email or password[39m
2022-06-14 15:06:59:659 [31merror[39m: [31mIncorrect email or password[39m
2022-06-14 15:07:48:748 [31merror[39m: [31mIncorrect email or password[39m
2022-06-14 15:08:31:831 [31merror[39m: [31mIncorrect email or password[39m
2022-06-14 15:09:45:945 [31merror[39m: [31mIncorrect email or password[39m
2022-06-14 15:10:05:105 [31merror[39m: [31mIncorrect email or password[39m
2022-06-14 15:16:15:1615 [31merror[39m: [31mIncorrect email or password[39m
2022-06-14 15:16:27:1627 [31merror[39m: [31mIncorrect email or password[39m
2022-06-14 15:17:06:176 [31merror[39m: [31mIncorrect email or password[39m
2022-06-14 15:17:08:178 [31merror[39m: [31mIncorrect email or password[39m
2022-06-14 15:18:13:1813 [31merror[39m: [31mIncorrect email or password[39m
2022-06-14 15:19:01:191 [31merror[39m: [31mIncorrect email or password[39m
2022-06-14 15:19:05:195 [31merror[39m: [31mIncorrect email or password[39m
2022-06-14 15:19:07:197 [31merror[39m: [31mIncorrect email or password[39m
2022-06-14 15:19:18:1918 [31merror[39m: [31mIncorrect email or password[39m
2022-06-14 15:19:20:1920 [31merror[39m: [31mIncorrect email or password[39m
2022-06-14 15:22:49:2249 [31merror[39m: [31mIncorrect email or password[39m
2022-06-14 15:23:00:230 [31merror[39m: [31mIncorrect email or password[39m
2022-06-14 15:25:24:2524 [31merror[39m: [31mIncorrect email or password[39m
2022-06-14 15:26:37:2637 [31merror[39m: [31mIncorrect email or password[39m
2022-06-14 15:29:35:2935 [31merror[39m: [31mpassword must contain at least 1 letter and 1 number[39m
2022-06-14 15:29:46:2946 [31merror[39m: [31mEmail already taken[39m
2022-06-14 15:29:49:2949 [31merror[39m: [31mEmail already taken[39m
2022-06-14 15:29:57:2957 [31merror[39m: [31mEmail already taken[39m
2022-06-14 15:37:20:3720 [31merror[39m: [31mEmail already taken[39m
2022-06-14 15:38:33:3833 [31merror[39m: [31mEmail already taken[39m
2022-06-14 15:38:35:3835 [31merror[39m: [31mEmail already taken[39m
2022-06-14 15:39:34:3934 [31merror[39m: [31mEmail already taken[39m
2022-06-14 15:39:43:3943 [31merror[39m: [31mEmail already taken[39m
2022-06-14 15:40:21:4021 [31merror[39m: [31mEmail already taken[39m
2022-06-14 15:41:15:4115 [31merror[39m: [31mEmail already taken[39m
2022-06-14 15:46:01:461 [31merror[39m: [31mEmail already taken[39m
2022-06-14 15:46:17:4617 [31merror[39m: [31mIncorrect email or password[39m
2022-06-14 15:51:17:5117 [31merror[39m: [31mIncorrect email or password[39m
2022-06-15 09:07:14:714 [31merror[39m: [31mIncorrect email or password[39m
2022-06-15 09:07:35:735 [31merror[39m: [31mIncorrect email or password[39m
2022-06-15 09:07:48:748 [31merror[39m: [31mIncorrect email or password[39m
2022-06-15 09:08:50:850 [31merror[39m: [31mEmail already taken[39m
2022-06-15 16:30:46:3046 [31merror[39m: [31mIncorrect email or password[39m
2022-06-15 16:31:02:312 [31merror[39m: [31mIncorrect email or password[39m
2022-06-15 16:31:07:317 [31merror[39m: [31mIncorrect email or password[39m
2022-06-15 16:31:12:3112 [31merror[39m: [31mIncorrect email or password[39m
2022-06-15 16:31:14:3114 [31merror[39m: [31mIncorrect email or password[39m
2022-06-15 17:01:17:117 [31merror[39m: [31mPlease authenticate[39m
2022-06-15 17:01:56:156 [31merror[39m: [31mPlease authenticate[39m
